<?xml version="1.0" encoding="UTF-8"?>
<!-- Generated by org.testng.reporters.JUnitXMLReporter -->
<testsuite ignored="0" hostname="DESKTOP-PIR4TAC" failures="0" tests="6" name="Test1" time="46.083" errors="0" timestamp="2025-03-07T09:30:06 IST">
  <testcase classname="com.Shrawan.YahooTest.TeslaInvalidSearch" name="@AfterTest teardown" time="5.273">
    <failure type="java.lang.AssertionError" message="The following asserts failed:
	INVALID Test Data Entered in Search text box as Expected: WELCOME expected [false] but found [true]">
      <![CDATA[java.lang.AssertionError: The following asserts failed:
INVALID Test Data Entered in Search text box as Expected: WELCOME expected [false] but found [true]
at com.Shrawan.YahooTest.TeslaInvalidSearch.teardown(TeslaInvalidSearch.java:66)
at java.base/java.util.concurrent.FutureTask.run(FutureTask.java:264)
at java.base/java.util.concurrent.ThreadPoolExecutor.runWorker(ThreadPoolExecutor.java:1136)
at java.base/java.util.concurrent.ThreadPoolExecutor$Worker.run(ThreadPoolExecutor.java:635)
at java.base/java.lang.Thread.run(Thread.java:833)
... Removed 16 stack frames]]>
    </failure>
  </testcase> <!-- @AfterTest teardown -->
  <testcase classname="com.Shrawan.YahooTest.YahooFinanceTest" name="OpenSite" time="38.758"/>
  <testcase classname="com.Shrawan.YahooTest.YahooFinanceTest" name="searchStock" time="0.199"/>
  <testcase classname="com.Shrawan.YahooTest.YahooFinanceTest" name="verifyAutoSuggest" time="0.582"/>
  <testcase classname="com.Shrawan.YahooTest.YahooFinanceTest" name="clickFirstSuggestion" time="0.309"/>
  <testcase classname="com.Shrawan.YahooTest.YahooFinanceTest" name="verifyStockPrice" time="3.217"/>
  <testcase classname="com.Shrawan.YahooTest.YahooFinanceTest" name="captureStockData" time="0.151"/>
</testsuite> <!-- Test1 -->
